<?xml version="1.0" encoding="UTF-8"?>
<!-- Generated by org.testng.reporters.JUnitReportReporter -->
<testsuite hostname="Ptns-MacBook-Pro.local" name="com.searchModule.test.uploadTest" tests="2" failures="0" timestamp="17 Apr 2020 04:38:51 GMT" time="1.914" errors="0">
  <testcase name="initialize" time="0.000" classname="com.searchModule.test.uploadTest"/>
  <testcase name="upload" time="1.914" classname="com.searchModule.test.uploadTest"/>
</testsuite> <!-- com.searchModule.test.uploadTest -->
