<?xml version="1.0" encoding="UTF-8"?>
<!-- Generated by org.testng.reporters.JUnitReportReporter -->
<testsuite hostname="Ptns-MacBook-Pro.local" name="com.searchModule.test.uploadTest" tests="2" failures="0" timestamp="17 Apr 2020 01:28:50 GMT" time="1.961" errors="0">
  <testcase name="upload" time="1.954" classname="com.searchModule.test.uploadTest"/>
  <testcase name="initialize" time="0.007" classname="com.searchModule.test.uploadTest"/>
</testsuite> <!-- com.searchModule.test.uploadTest -->
