<?xml version="1.0" encoding="UTF-8"?>
<!-- Generated by org.testng.reporters.JUnitReportReporter -->
<testsuite hostname="Ptns-MacBook-Pro.local" name="com.searchModule.test.searchTest" tests="4" failures="0" timestamp="17 Apr 2020 04:38:51 GMT" time="7.309" errors="0">
  <testcase name="search" time="4.168" classname="com.searchModule.test.searchTest"/>
  <testcase name="initialize" time="0.004" classname="com.searchModule.test.searchTest"/>
  <testcase name="search" time="3.136" classname="com.searchModule.test.searchTest"/>
  <testcase name="initialize" time="0.001" classname="com.searchModule.test.searchTest"/>
</testsuite> <!-- com.searchModule.test.searchTest -->
