<?xml version="1.0" encoding="UTF-8"?>
<!-- Generated by org.testng.reporters.JUnitReportReporter -->
<testsuite hostname="Ptns-MacBook-Pro.local" name="com.searchModule.test.searchTest" tests="4" failures="0" timestamp="17 Apr 2020 01:28:19 GMT" time="6.855" errors="0">
  <testcase name="search" time="3.283" classname="com.searchModule.test.searchTest"/>
  <testcase name="initialize" time="0.004" classname="com.searchModule.test.searchTest"/>
  <testcase name="search" time="3.566" classname="com.searchModule.test.searchTest"/>
  <testcase name="initialize" time="0.002" classname="com.searchModule.test.searchTest"/>
</testsuite> <!-- com.searchModule.test.searchTest -->
